{"C:\\Users\\airto\\OneDrive\\Área de Trabalho\\Projeto Unimed Front\\src\\components\\ContatoCard.css": {"path":"C:\\Users\\airto\\OneDrive\\Área de Trabalho\\Projeto Unimed Front\\src\\components\\ContatoCard.css","statementMap":{},"fnMap":{},"branchMap":{},"s":{},"f":{},"b":{},"meta":{"lastBranch":0,"lastFunction":0,"lastStatement":0,"seen":{}}}
,"C:\\Users\\airto\\OneDrive\\Área de Trabalho\\Projeto Unimed Front\\src\\components\\ContatoCard.tsx": {"path":"C:\\Users\\airto\\OneDrive\\Área de Trabalho\\Projeto Unimed Front\\src\\components\\ContatoCard.tsx","statementMap":{"0":{"start":{"line":28,"column":26},"end":{"line":30,"column":null}},"1":{"start":{"line":29,"column":4},"end":{"line":29,"column":null}},"2":{"start":{"line":32,"column":27},"end":{"line":34,"column":null}},"3":{"start":{"line":33,"column":4},"end":{"line":33,"column":null}},"4":{"start":{"line":36,"column":2},"end":{"line":128,"column":null}},"5":{"start":{"line":58,"column":27},"end":{"line":58,"column":null}},"6":{"start":{"line":97,"column":27},"end":{"line":97,"column":null}},"7":{"start":{"line":106,"column":29},"end":{"line":106,"column":null}},"8":{"start":{"line":114,"column":29},"end":{"line":114,"column":null}}},"fnMap":{"0":{"name":"ContatoCard","decl":{"start":{"line":21,"column":16},"end":{"line":21,"column":28}},"loc":{"start":{"line":27,"column":21},"end":{"line":130,"column":null}},"line":27},"1":{"name":"(anonymous_1)","decl":{"start":{"line":28,"column":26},"end":{"line":28,"column":27}},"loc":{"start":{"line":28,"column":47},"end":{"line":30,"column":null}},"line":28},"2":{"name":"(anonymous_2)","decl":{"start":{"line":32,"column":27},"end":{"line":32,"column":28}},"loc":{"start":{"line":32,"column":49},"end":{"line":34,"column":null}},"line":32},"3":{"name":"(anonymous_3)","decl":{"start":{"line":58,"column":21},"end":{"line":58,"column":27}},"loc":{"start":{"line":58,"column":27},"end":{"line":58,"column":null}},"line":58},"4":{"name":"(anonymous_4)","decl":{"start":{"line":97,"column":21},"end":{"line":97,"column":27}},"loc":{"start":{"line":97,"column":27},"end":{"line":97,"column":null}},"line":97},"5":{"name":"(anonymous_5)","decl":{"start":{"line":106,"column":23},"end":{"line":106,"column":29}},"loc":{"start":{"line":106,"column":29},"end":{"line":106,"column":null}},"line":106},"6":{"name":"(anonymous_6)","decl":{"start":{"line":114,"column":23},"end":{"line":114,"column":29}},"loc":{"start":{"line":114,"column":29},"end":{"line":114,"column":null}},"line":114}},"branchMap":{"0":{"loc":{"start":{"line":43,"column":15},"end":{"line":51,"column":null}},"type":"binary-expr","locations":[{"start":{"line":43,"column":15},"end":{"line":43,"column":null}},{"start":{"line":44,"column":16},"end":{"line":51,"column":null}}],"line":43},"1":{"loc":{"start":{"line":53,"column":15},"end":{"line":53,"column":null}},"type":"binary-expr","locations":[{"start":{"line":53,"column":15},"end":{"line":53,"column":33}},{"start":{"line":53,"column":33},"end":{"line":53,"column":null}}],"line":53},"2":{"loc":{"start":{"line":59,"column":39},"end":{"line":59,"column":79}},"type":"cond-expr","locations":[{"start":{"line":59,"column":58},"end":{"line":59,"column":77}},{"start":{"line":59,"column":77},"end":{"line":59,"column":79}}],"line":59},"3":{"loc":{"start":{"line":61,"column":14},"end":{"line":63,"column":null}},"type":"cond-expr","locations":[{"start":{"line":62,"column":18},"end":{"line":62,"column":null}},{"start":{"line":63,"column":18},"end":{"line":63,"column":null}}],"line":61},"4":{"loc":{"start":{"line":85,"column":11},"end":{"line":91,"column":null}},"type":"binary-expr","locations":[{"start":{"line":85,"column":11},"end":{"line":85,"column":null}},{"start":{"line":86,"column":12},"end":{"line":91,"column":null}}],"line":85},"5":{"loc":{"start":{"line":104,"column":11},"end":{"line":120,"column":null}},"type":"cond-expr","locations":[{"start":{"line":105,"column":12},"end":{"line":111,"column":null}},{"start":{"line":113,"column":12},"end":{"line":120,"column":null}}],"line":104},"6":{"loc":{"start":{"line":114,"column":29},"end":{"line":114,"column":null}},"type":"binary-expr","locations":[{"start":{"line":114,"column":29},"end":{"line":114,"column":43}},{"start":{"line":114,"column":43},"end":{"line":114,"column":null}}],"line":114}},"s":{"0":4,"1":4,"2":4,"3":4,"4":4,"5":0,"6":0,"7":0,"8":0},"f":{"0":4,"1":4,"2":4,"3":0,"4":0,"5":0,"6":0},"b":{"0":[4,1],"1":[4,1],"2":[1,3],"3":[1,3],"4":[4,4],"5":[3,1],"6":[0,0]},"meta":{"lastBranch":7,"lastFunction":7,"lastStatement":9,"seen":{"f:21:16:21:28":0,"s:28:26:30:Infinity":0,"f:28:26:28:27":1,"s:29:4:29:Infinity":1,"s:32:27:34:Infinity":2,"f:32:27:32:28":2,"s:33:4:33:Infinity":3,"s:36:2:128:Infinity":4,"b:43:15:43:Infinity:44:16:51:Infinity":0,"b:53:15:53:33:53:33:53:Infinity":1,"f:58:21:58:27":3,"s:58:27:58:Infinity":5,"b:59:58:59:77:59:77:59:79":2,"b:62:18:62:Infinity:63:18:63:Infinity":3,"b:85:11:85:Infinity:86:12:91:Infinity":4,"f:97:21:97:27":4,"s:97:27:97:Infinity":6,"b:105:12:111:Infinity:113:12:120:Infinity":5,"f:106:23:106:29":5,"s:106:29:106:Infinity":7,"f:114:23:114:29":6,"s:114:29:114:Infinity":8,"b:114:29:114:43:114:43:114:Infinity":6}}}
,"C:\\Users\\airto\\OneDrive\\Área de Trabalho\\Projeto Unimed Front\\src\\components\\Footer.tsx": {"path":"C:\\Users\\airto\\OneDrive\\Área de Trabalho\\Projeto Unimed Front\\src\\components\\Footer.tsx","statementMap":{"0":{"start":{"line":4,"column":8},"end":{"line":4,"column":null}},"1":{"start":{"line":6,"column":2},"end":{"line":14,"column":null}}},"fnMap":{"0":{"name":"Footer","decl":{"start":{"line":3,"column":16},"end":{"line":3,"column":25}},"loc":{"start":{"line":3,"column":25},"end":{"line":16,"column":null}},"line":3}},"branchMap":{},"s":{"0":2,"1":2},"f":{"0":2},"b":{},"meta":{"lastBranch":0,"lastFunction":1,"lastStatement":2,"seen":{"f:3:16:3:25":0,"s:4:8:4:Infinity":0,"s:6:2:14:Infinity":1}}}
,"C:\\Users\\airto\\OneDrive\\Área de Trabalho\\Projeto Unimed Front\\src\\components\\Header.tsx": {"path":"C:\\Users\\airto\\OneDrive\\Área de Trabalho\\Projeto Unimed Front\\src\\components\\Header.tsx","statementMap":{"0":{"start":{"line":7,"column":26},"end":{"line":7,"column":null}},"1":{"start":{"line":8,"column":8},"end":{"line":8,"column":null}},"2":{"start":{"line":10,"column":19},"end":{"line":18,"column":null}},"3":{"start":{"line":11,"column":4},"end":{"line":13,"column":null}},"4":{"start":{"line":12,"column":6},"end":{"line":12,"column":null}},"5":{"start":{"line":14,"column":4},"end":{"line":16,"column":null}},"6":{"start":{"line":15,"column":6},"end":{"line":15,"column":null}},"7":{"start":{"line":17,"column":4},"end":{"line":17,"column":null}},"8":{"start":{"line":20,"column":2},"end":{"line":85,"column":null}}},"fnMap":{"0":{"name":"Header","decl":{"start":{"line":6,"column":16},"end":{"line":6,"column":25}},"loc":{"start":{"line":6,"column":25},"end":{"line":87,"column":null}},"line":6},"1":{"name":"(anonymous_1)","decl":{"start":{"line":10,"column":19},"end":{"line":10,"column":20}},"loc":{"start":{"line":10,"column":37},"end":{"line":18,"column":null}},"line":10}},"branchMap":{"0":{"loc":{"start":{"line":11,"column":4},"end":{"line":13,"column":null}},"type":"if","locations":[{"start":{"line":11,"column":4},"end":{"line":13,"column":null}},{"start":{},"end":{}}],"line":11},"1":{"loc":{"start":{"line":12,"column":13},"end":{"line":12,"column":null}},"type":"binary-expr","locations":[{"start":{"line":12,"column":13},"end":{"line":12,"column":42}},{"start":{"line":12,"column":42},"end":{"line":12,"column":null}}],"line":12},"2":{"loc":{"start":{"line":14,"column":4},"end":{"line":16,"column":null}},"type":"if","locations":[{"start":{"line":14,"column":4},"end":{"line":16,"column":null}},{"start":{},"end":{}}],"line":14},"3":{"loc":{"start":{"line":15,"column":13},"end":{"line":15,"column":null}},"type":"binary-expr","locations":[{"start":{"line":15,"column":13},"end":{"line":15,"column":42}},{"start":{"line":15,"column":42},"end":{"line":15,"column":null}}],"line":15},"4":{"loc":{"start":{"line":70,"column":15},"end":{"line":70,"column":null}},"type":"binary-expr","locations":[{"start":{"line":70,"column":15},"end":{"line":70,"column":32}},{"start":{"line":70,"column":32},"end":{"line":70,"column":null}}],"line":70}},"s":{"0":4,"1":4,"2":4,"3":12,"4":4,"5":8,"6":4,"7":4,"8":4},"f":{"0":4,"1":12},"b":{"0":[4,8],"1":[4,4],"2":[4,4],"3":[4,4],"4":[4,0]},"meta":{"lastBranch":5,"lastFunction":2,"lastStatement":9,"seen":{"f:6:16:6:25":0,"s:7:26:7:Infinity":0,"s:8:8:8:Infinity":1,"s:10:19:18:Infinity":2,"f:10:19:10:20":1,"b:11:4:13:Infinity:undefined:undefined:undefined:undefined":0,"s:11:4:13:Infinity":3,"s:12:6:12:Infinity":4,"b:12:13:12:42:12:42:12:Infinity":1,"b:14:4:16:Infinity:undefined:undefined:undefined:undefined":2,"s:14:4:16:Infinity":5,"s:15:6:15:Infinity":6,"b:15:13:15:42:15:42:15:Infinity":3,"s:17:4:17:Infinity":7,"s:20:2:85:Infinity":8,"b:70:15:70:32:70:32:70:Infinity":4}}}
,"C:\\Users\\airto\\OneDrive\\Área de Trabalho\\Projeto Unimed Front\\src\\services\\api.ts": {"path":"C:\\Users\\airto\\OneDrive\\Área de Trabalho\\Projeto Unimed Front\\src\\services\\api.ts","statementMap":{"0":{"start":{"line":10,"column":16},"end":{"line":10,"column":null}},"1":{"start":{"line":11,"column":20},"end":{"line":11,"column":null}},"2":{"start":{"line":14,"column":27},"end":{"line":20,"column":null}},"3":{"start":{"line":23,"column":0},"end":{"line":36,"column":null}},"4":{"start":{"line":25,"column":18},"end":{"line":25,"column":null}},"5":{"start":{"line":27,"column":4},"end":{"line":29,"column":null}},"6":{"start":{"line":28,"column":6},"end":{"line":28,"column":null}},"7":{"start":{"line":31,"column":4},"end":{"line":31,"column":null}},"8":{"start":{"line":34,"column":4},"end":{"line":34,"column":null}},"9":{"start":{"line":39,"column":0},"end":{"line":83,"column":null}},"10":{"start":{"line":41,"column":4},"end":{"line":41,"column":null}},"11":{"start":{"line":44,"column":4},"end":{"line":79,"column":null}},"12":{"start":{"line":45,"column":25},"end":{"line":45,"column":null}},"13":{"start":{"line":47,"column":6},"end":{"line":74,"column":null}},"14":{"start":{"line":50,"column":10},"end":{"line":50,"column":null}},"15":{"start":{"line":51,"column":10},"end":{"line":51,"column":null}},"16":{"start":{"line":52,"column":10},"end":{"line":52,"column":null}},"17":{"start":{"line":53,"column":10},"end":{"line":53,"column":null}},"18":{"start":{"line":54,"column":10},"end":{"line":54,"column":null}},"19":{"start":{"line":57,"column":10},"end":{"line":57,"column":null}},"20":{"start":{"line":58,"column":10},"end":{"line":58,"column":null}},"21":{"start":{"line":61,"column":10},"end":{"line":61,"column":null}},"22":{"start":{"line":62,"column":10},"end":{"line":62,"column":null}},"23":{"start":{"line":65,"column":10},"end":{"line":65,"column":null}},"24":{"start":{"line":66,"column":10},"end":{"line":66,"column":null}},"25":{"start":{"line":70,"column":13},"end":{"line":72,"column":null}},"26":{"start":{"line":73,"column":10},"end":{"line":73,"column":null}},"27":{"start":{"line":75,"column":4},"end":{"line":79,"column":null}},"28":{"start":{"line":76,"column":6},"end":{"line":76,"column":null}},"29":{"start":{"line":78,"column":6},"end":{"line":78,"column":null}},"30":{"start":{"line":81,"column":4},"end":{"line":81,"column":null}}},"fnMap":{"0":{"name":"(anonymous_0)","decl":{"start":{"line":24,"column":2},"end":{"line":24,"column":3}},"loc":{"start":{"line":24,"column":40},"end":{"line":32,"column":null}},"line":24},"1":{"name":"(anonymous_1)","decl":{"start":{"line":33,"column":2},"end":{"line":33,"column":3}},"loc":{"start":{"line":33,"column":25},"end":{"line":35,"column":null}},"line":33},"2":{"name":"(anonymous_2)","decl":{"start":{"line":40,"column":2},"end":{"line":40,"column":3}},"loc":{"start":{"line":40,"column":31},"end":{"line":42,"column":null}},"line":40},"3":{"name":"(anonymous_3)","decl":{"start":{"line":43,"column":2},"end":{"line":43,"column":3}},"loc":{"start":{"line":43,"column":25},"end":{"line":82,"column":null}},"line":43}},"branchMap":{"0":{"loc":{"start":{"line":10,"column":16},"end":{"line":10,"column":null}},"type":"binary-expr","locations":[{"start":{"line":10,"column":16},"end":{"line":10,"column":48}},{"start":{"line":10,"column":48},"end":{"line":10,"column":null}}],"line":10},"1":{"loc":{"start":{"line":11,"column":20},"end":{"line":11,"column":null}},"type":"binary-expr","locations":[{"start":{"line":11,"column":20},"end":{"line":11,"column":64}},{"start":{"line":11,"column":64},"end":{"line":11,"column":null}}],"line":11},"2":{"loc":{"start":{"line":27,"column":4},"end":{"line":29,"column":null}},"type":"if","locations":[{"start":{"line":27,"column":4},"end":{"line":29,"column":null}},{"start":{},"end":{}}],"line":27},"3":{"loc":{"start":{"line":27,"column":8},"end":{"line":27,"column":33}},"type":"binary-expr","locations":[{"start":{"line":27,"column":8},"end":{"line":27,"column":17}},{"start":{"line":27,"column":17},"end":{"line":27,"column":33}}],"line":27},"4":{"loc":{"start":{"line":44,"column":4},"end":{"line":79,"column":null}},"type":"if","locations":[{"start":{"line":44,"column":4},"end":{"line":79,"column":null}},{"start":{"line":75,"column":4},"end":{"line":79,"column":null}}],"line":44},"5":{"loc":{"start":{"line":47,"column":6},"end":{"line":74,"column":null}},"type":"switch","locations":[{"start":{"line":48,"column":8},"end":{"line":54,"column":null}},{"start":{"line":56,"column":8},"end":{"line":58,"column":null}},{"start":{"line":60,"column":8},"end":{"line":62,"column":null}},{"start":{"line":64,"column":8},"end":{"line":66,"column":null}},{"start":{"line":68,"column":8},"end":{"line":73,"column":null}}],"line":47},"6":{"loc":{"start":{"line":70,"column":13},"end":{"line":72,"column":null}},"type":"binary-expr","locations":[{"start":{"line":70,"column":13},"end":{"line":70,"column":null}},{"start":{"line":71,"column":13},"end":{"line":71,"column":null}},{"start":{"line":72,"column":12},"end":{"line":72,"column":null}}],"line":70},"7":{"loc":{"start":{"line":75,"column":4},"end":{"line":79,"column":null}},"type":"if","locations":[{"start":{"line":75,"column":4},"end":{"line":79,"column":null}},{"start":{"line":77,"column":11},"end":{"line":79,"column":null}}],"line":75}},"s":{"0":1,"1":1,"2":1,"3":1,"4":0,"5":0,"6":0,"7":0,"8":0,"9":1,"10":0,"11":0,"12":0,"13":0,"14":0,"15":0,"16":0,"17":0,"18":0,"19":0,"20":0,"21":0,"22":0,"23":0,"24":0,"25":0,"26":0,"27":0,"28":0,"29":0,"30":0},"f":{"0":0,"1":0,"2":0,"3":0},"b":{"0":[1,0],"1":[1,0],"2":[0,0],"3":[0,0],"4":[0,0],"5":[0,0,0,0,0],"6":[0,0,0],"7":[0,0]},"meta":{"lastBranch":8,"lastFunction":4,"lastStatement":31,"seen":{"s:10:16:10:Infinity":0,"b:10:16:10:48:10:48:10:Infinity":0,"s:11:20:11:Infinity":1,"b:11:20:11:64:11:64:11:Infinity":1,"s:14:27:20:Infinity":2,"s:23:0:36:Infinity":3,"f:24:2:24:3":0,"s:25:18:25:Infinity":4,"b:27:4:29:Infinity:undefined:undefined:undefined:undefined":2,"s:27:4:29:Infinity":5,"b:27:8:27:17:27:17:27:33":3,"s:28:6:28:Infinity":6,"s:31:4:31:Infinity":7,"f:33:2:33:3":1,"s:34:4:34:Infinity":8,"s:39:0:83:Infinity":9,"f:40:2:40:3":2,"s:41:4:41:Infinity":10,"f:43:2:43:3":3,"b:44:4:79:Infinity:75:4:79:Infinity":4,"s:44:4:79:Infinity":11,"s:45:25:45:Infinity":12,"b:48:8:54:Infinity:56:8:58:Infinity:60:8:62:Infinity:64:8:66:Infinity:68:8:73:Infinity":5,"s:47:6:74:Infinity":13,"s:50:10:50:Infinity":14,"s:51:10:51:Infinity":15,"s:52:10:52:Infinity":16,"s:53:10:53:Infinity":17,"s:54:10:54:Infinity":18,"s:57:10:57:Infinity":19,"s:58:10:58:Infinity":20,"s:61:10:61:Infinity":21,"s:62:10:62:Infinity":22,"s:65:10:65:Infinity":23,"s:66:10:66:Infinity":24,"s:70:13:72:Infinity":25,"b:70:13:70:Infinity:71:13:71:Infinity:72:12:72:Infinity":6,"s:73:10:73:Infinity":26,"b:75:4:79:Infinity:77:11:79:Infinity":7,"s:75:4:79:Infinity":27,"s:76:6:76:Infinity":28,"s:78:6:78:Infinity":29,"s:81:4:81:Infinity":30}}}
,"C:\\Users\\airto\\OneDrive\\Área de Trabalho\\Projeto Unimed Front\\src\\services\\auth.service.ts": {"path":"C:\\Users\\airto\\OneDrive\\Área de Trabalho\\Projeto Unimed Front\\src\\services\\auth.service.ts","statementMap":{"0":{"start":{"line":5,"column":30},"end":{"line":5,"column":null}},"1":{"start":{"line":6,"column":31},"end":{"line":6,"column":null}},"2":{"start":{"line":7,"column":30},"end":{"line":7,"column":null}},"3":{"start":{"line":13,"column":21},"end":{"line":16,"column":null}},"4":{"start":{"line":18,"column":4},"end":{"line":18,"column":null}},"5":{"start":{"line":25,"column":4},"end":{"line":25,"column":null}},"6":{"start":{"line":27,"column":21},"end":{"line":32,"column":null}},"7":{"start":{"line":34,"column":4},"end":{"line":34,"column":null}},"8":{"start":{"line":36,"column":29},"end":{"line":36,"column":null}},"9":{"start":{"line":39,"column":29},"end":{"line":42,"column":null}},"10":{"start":{"line":45,"column":4},"end":{"line":45,"column":null}},"11":{"start":{"line":46,"column":4},"end":{"line":46,"column":null}},"12":{"start":{"line":48,"column":4},"end":{"line":48,"column":null}},"13":{"start":{"line":55,"column":4},"end":{"line":55,"column":null}},"14":{"start":{"line":56,"column":4},"end":{"line":56,"column":null}},"15":{"start":{"line":63,"column":4},"end":{"line":63,"column":null}},"16":{"start":{"line":70,"column":24},"end":{"line":70,"column":null}},"17":{"start":{"line":71,"column":4},"end":{"line":71,"column":null}},"18":{"start":{"line":78,"column":4},"end":{"line":78,"column":null}},"19":{"start":{"line":85,"column":4},"end":{"line":85,"column":null}},"20":{"start":{"line":92,"column":4},"end":{"line":92,"column":null}}},"fnMap":{"0":{"name":"(anonymous_0)","decl":{"start":{"line":12,"column":8},"end":{"line":12,"column":17}},"loc":{"start":{"line":12,"column":67},"end":{"line":19,"column":null}},"line":12},"1":{"name":"(anonymous_1)","decl":{"start":{"line":24,"column":8},"end":{"line":24,"column":19}},"loc":{"start":{"line":24,"column":59},"end":{"line":49,"column":null}},"line":24},"2":{"name":"(anonymous_2)","decl":{"start":{"line":54,"column":2},"end":{"line":54,"column":17}},"loc":{"start":{"line":54,"column":17},"end":{"line":57,"column":null}},"line":54},"3":{"name":"(anonymous_3)","decl":{"start":{"line":62,"column":2},"end":{"line":62,"column":30}},"loc":{"start":{"line":62,"column":30},"end":{"line":64,"column":null}},"line":62},"4":{"name":"(anonymous_4)","decl":{"start":{"line":69,"column":2},"end":{"line":69,"column":33}},"loc":{"start":{"line":69,"column":33},"end":{"line":72,"column":null}},"line":69},"5":{"name":"(anonymous_5)","decl":{"start":{"line":77,"column":2},"end":{"line":77,"column":29}},"loc":{"start":{"line":77,"column":29},"end":{"line":79,"column":null}},"line":77},"6":{"name":"(anonymous_6)","decl":{"start":{"line":84,"column":10},"end":{"line":84,"column":22}},"loc":{"start":{"line":84,"column":43},"end":{"line":86,"column":null}},"line":84},"7":{"name":"(anonymous_7)","decl":{"start":{"line":91,"column":10},"end":{"line":91,"column":24}},"loc":{"start":{"line":91,"column":48},"end":{"line":93,"column":null}},"line":91}},"branchMap":{"0":{"loc":{"start":{"line":71,"column":11},"end":{"line":71,"column":null}},"type":"cond-expr","locations":[{"start":{"line":71,"column":25},"end":{"line":71,"column":51}},{"start":{"line":71,"column":51},"end":{"line":71,"column":null}}],"line":71}},"s":{"0":1,"1":1,"2":1,"3":0,"4":0,"5":0,"6":0,"7":0,"8":0,"9":0,"10":0,"11":0,"12":0,"13":1,"14":1,"15":4,"16":2,"17":2,"18":2,"19":0,"20":0},"f":{"0":0,"1":0,"2":1,"3":4,"4":2,"5":2,"6":0,"7":0},"b":{"0":[1,1]},"meta":{"lastBranch":1,"lastFunction":8,"lastStatement":21,"seen":{"s:5:30:5:Infinity":0,"s:6:31:6:Infinity":1,"s:7:30:7:Infinity":2,"f:12:8:12:17":0,"s:13:21:16:Infinity":3,"s:18:4:18:Infinity":4,"f:24:8:24:19":1,"s:25:4:25:Infinity":5,"s:27:21:32:Infinity":6,"s:34:4:34:Infinity":7,"s:36:29:36:Infinity":8,"s:39:29:42:Infinity":9,"s:45:4:45:Infinity":10,"s:46:4:46:Infinity":11,"s:48:4:48:Infinity":12,"f:54:2:54:17":2,"s:55:4:55:Infinity":13,"s:56:4:56:Infinity":14,"f:62:2:62:30":3,"s:63:4:63:Infinity":15,"f:69:2:69:33":4,"s:70:24:70:Infinity":16,"s:71:4:71:Infinity":17,"b:71:25:71:51:71:51:71:Infinity":0,"f:77:2:77:29":5,"s:78:4:78:Infinity":18,"f:84:10:84:22":6,"s:85:4:85:Infinity":19,"f:91:10:91:24":7,"s:92:4:92:Infinity":20}}}
,"C:\\Users\\airto\\OneDrive\\Área de Trabalho\\Projeto Unimed Front\\src\\utils\\formatadores.ts": {"path":"C:\\Users\\airto\\OneDrive\\Área de Trabalho\\Projeto Unimed Front\\src\\utils\\formatadores.ts","statementMap":{"0":{"start":{"line":7,"column":2},"end":{"line":7,"column":null}},"1":{"start":{"line":7,"column":16},"end":{"line":7,"column":null}},"2":{"start":{"line":8,"column":18},"end":{"line":8,"column":null}},"3":{"start":{"line":9,"column":2},"end":{"line":9,"column":null}},"4":{"start":{"line":9,"column":29},"end":{"line":9,"column":null}},"5":{"start":{"line":10,"column":2},"end":{"line":10,"column":null}},"6":{"start":{"line":19,"column":2},"end":{"line":19,"column":null}},"7":{"start":{"line":19,"column":17},"end":{"line":19,"column":null}},"8":{"start":{"line":20,"column":18},"end":{"line":20,"column":null}},"9":{"start":{"line":21,"column":2},"end":{"line":21,"column":null}},"10":{"start":{"line":21,"column":29},"end":{"line":21,"column":null}},"11":{"start":{"line":22,"column":2},"end":{"line":22,"column":null}},"12":{"start":{"line":31,"column":2},"end":{"line":31,"column":null}},"13":{"start":{"line":40,"column":16},"end":{"line":40,"column":null}},"14":{"start":{"line":41,"column":2},"end":{"line":41,"column":null}},"15":{"start":{"line":50,"column":18},"end":{"line":50,"column":null}},"16":{"start":{"line":51,"column":2},"end":{"line":51,"column":null}},"17":{"start":{"line":60,"column":2},"end":{"line":60,"column":null}},"18":{"start":{"line":60,"column":17},"end":{"line":60,"column":null}},"19":{"start":{"line":61,"column":18},"end":{"line":61,"column":null}},"20":{"start":{"line":62,"column":2},"end":{"line":62,"column":null}},"21":{"start":{"line":72,"column":2},"end":{"line":72,"column":null}},"22":{"start":{"line":72,"column":44},"end":{"line":72,"column":null}},"23":{"start":{"line":73,"column":2},"end":{"line":73,"column":null}},"24":{"start":{"line":82,"column":18},"end":{"line":82,"column":null}},"25":{"start":{"line":83,"column":2},"end":{"line":83,"column":null}},"26":{"start":{"line":92,"column":18},"end":{"line":92,"column":null}},"27":{"start":{"line":93,"column":2},"end":{"line":99,"column":null}},"28":{"start":{"line":108,"column":18},"end":{"line":108,"column":null}},"29":{"start":{"line":109,"column":16},"end":{"line":109,"column":null}},"30":{"start":{"line":110,"column":20},"end":{"line":110,"column":null}},"31":{"start":{"line":112,"column":19},"end":{"line":112,"column":null}},"32":{"start":{"line":113,"column":18},"end":{"line":113,"column":null}},"33":{"start":{"line":114,"column":16},"end":{"line":114,"column":null}},"34":{"start":{"line":115,"column":15},"end":{"line":115,"column":null}},"35":{"start":{"line":116,"column":16},"end":{"line":116,"column":null}},"36":{"start":{"line":117,"column":15},"end":{"line":117,"column":null}},"37":{"start":{"line":119,"column":2},"end":{"line":119,"column":null}},"38":{"start":{"line":119,"column":16},"end":{"line":119,"column":null}},"39":{"start":{"line":120,"column":2},"end":{"line":120,"column":null}},"40":{"start":{"line":120,"column":17},"end":{"line":120,"column":null}},"41":{"start":{"line":121,"column":2},"end":{"line":121,"column":null}},"42":{"start":{"line":121,"column":16},"end":{"line":121,"column":null}},"43":{"start":{"line":122,"column":2},"end":{"line":122,"column":null}},"44":{"start":{"line":122,"column":17},"end":{"line":122,"column":null}},"45":{"start":{"line":123,"column":2},"end":{"line":123,"column":null}},"46":{"start":{"line":123,"column":19},"end":{"line":123,"column":null}},"47":{"start":{"line":124,"column":2},"end":{"line":124,"column":null}}},"fnMap":{"0":{"name":"formatarCelular","decl":{"start":{"line":6,"column":16},"end":{"line":6,"column":32}},"loc":{"start":{"line":6,"column":57},"end":{"line":11,"column":null}},"line":6},"1":{"name":"formatarTelefone","decl":{"start":{"line":18,"column":16},"end":{"line":18,"column":33}},"loc":{"start":{"line":18,"column":59},"end":{"line":23,"column":null}},"line":18},"2":{"name":"removerFormatacao","decl":{"start":{"line":30,"column":16},"end":{"line":30,"column":34}},"loc":{"start":{"line":30,"column":57},"end":{"line":32,"column":null}},"line":30},"3":{"name":"validarEmail","decl":{"start":{"line":39,"column":16},"end":{"line":39,"column":29}},"loc":{"start":{"line":39,"column":53},"end":{"line":42,"column":null}},"line":39},"4":{"name":"validarCelular","decl":{"start":{"line":49,"column":16},"end":{"line":49,"column":31}},"loc":{"start":{"line":49,"column":57},"end":{"line":52,"column":null}},"line":49},"5":{"name":"validarTelefone","decl":{"start":{"line":59,"column":16},"end":{"line":59,"column":32}},"loc":{"start":{"line":59,"column":59},"end":{"line":63,"column":null}},"line":59},"6":{"name":"truncarTexto","decl":{"start":{"line":71,"column":16},"end":{"line":71,"column":29}},"loc":{"start":{"line":71,"column":72},"end":{"line":74,"column":null}},"line":71},"7":{"name":"formatarData","decl":{"start":{"line":81,"column":16},"end":{"line":81,"column":29}},"loc":{"start":{"line":81,"column":58},"end":{"line":84,"column":null}},"line":81},"8":{"name":"formatarDataHora","decl":{"start":{"line":91,"column":16},"end":{"line":91,"column":33}},"loc":{"start":{"line":91,"column":62},"end":{"line":100,"column":null}},"line":91},"9":{"name":"tempoDecorrido","decl":{"start":{"line":107,"column":16},"end":{"line":107,"column":31}},"loc":{"start":{"line":107,"column":60},"end":{"line":125,"column":null}},"line":107}},"branchMap":{"0":{"loc":{"start":{"line":7,"column":2},"end":{"line":7,"column":null}},"type":"if","locations":[{"start":{"line":7,"column":2},"end":{"line":7,"column":null}},{"start":{},"end":{}}],"line":7},"1":{"loc":{"start":{"line":9,"column":2},"end":{"line":9,"column":null}},"type":"if","locations":[{"start":{"line":9,"column":2},"end":{"line":9,"column":null}},{"start":{},"end":{}}],"line":9},"2":{"loc":{"start":{"line":19,"column":2},"end":{"line":19,"column":null}},"type":"if","locations":[{"start":{"line":19,"column":2},"end":{"line":19,"column":null}},{"start":{},"end":{}}],"line":19},"3":{"loc":{"start":{"line":21,"column":2},"end":{"line":21,"column":null}},"type":"if","locations":[{"start":{"line":21,"column":2},"end":{"line":21,"column":null}},{"start":{},"end":{}}],"line":21},"4":{"loc":{"start":{"line":60,"column":2},"end":{"line":60,"column":null}},"type":"if","locations":[{"start":{"line":60,"column":2},"end":{"line":60,"column":null}},{"start":{},"end":{}}],"line":60},"5":{"loc":{"start":{"line":72,"column":2},"end":{"line":72,"column":null}},"type":"if","locations":[{"start":{"line":72,"column":2},"end":{"line":72,"column":null}},{"start":{},"end":{}}],"line":72},"6":{"loc":{"start":{"line":72,"column":6},"end":{"line":72,"column":44}},"type":"binary-expr","locations":[{"start":{"line":72,"column":6},"end":{"line":72,"column":16}},{"start":{"line":72,"column":16},"end":{"line":72,"column":44}}],"line":72},"7":{"loc":{"start":{"line":82,"column":18},"end":{"line":82,"column":null}},"type":"cond-expr","locations":[{"start":{"line":82,"column":45},"end":{"line":82,"column":62}},{"start":{"line":82,"column":62},"end":{"line":82,"column":null}}],"line":82},"8":{"loc":{"start":{"line":92,"column":18},"end":{"line":92,"column":null}},"type":"cond-expr","locations":[{"start":{"line":92,"column":45},"end":{"line":92,"column":62}},{"start":{"line":92,"column":62},"end":{"line":92,"column":null}}],"line":92},"9":{"loc":{"start":{"line":108,"column":18},"end":{"line":108,"column":null}},"type":"cond-expr","locations":[{"start":{"line":108,"column":45},"end":{"line":108,"column":62}},{"start":{"line":108,"column":62},"end":{"line":108,"column":null}}],"line":108},"10":{"loc":{"start":{"line":119,"column":2},"end":{"line":119,"column":null}},"type":"if","locations":[{"start":{"line":119,"column":2},"end":{"line":119,"column":null}},{"start":{},"end":{}}],"line":119},"11":{"loc":{"start":{"line":119,"column":37},"end":{"line":119,"column":56}},"type":"cond-expr","locations":[{"start":{"line":119,"column":48},"end":{"line":119,"column":54}},{"start":{"line":119,"column":54},"end":{"line":119,"column":56}}],"line":119},"12":{"loc":{"start":{"line":120,"column":2},"end":{"line":120,"column":null}},"type":"if","locations":[{"start":{"line":120,"column":2},"end":{"line":120,"column":null}},{"start":{},"end":{}}],"line":120},"13":{"loc":{"start":{"line":120,"column":39},"end":{"line":120,"column":60}},"type":"cond-expr","locations":[{"start":{"line":120,"column":51},"end":{"line":120,"column":58}},{"start":{"line":120,"column":58},"end":{"line":120,"column":60}}],"line":120},"14":{"loc":{"start":{"line":121,"column":2},"end":{"line":121,"column":null}},"type":"if","locations":[{"start":{"line":121,"column":2},"end":{"line":121,"column":null}},{"start":{},"end":{}}],"line":121},"15":{"loc":{"start":{"line":121,"column":37},"end":{"line":121,"column":56}},"type":"cond-expr","locations":[{"start":{"line":121,"column":48},"end":{"line":121,"column":54}},{"start":{"line":121,"column":54},"end":{"line":121,"column":56}}],"line":121},"16":{"loc":{"start":{"line":122,"column":2},"end":{"line":122,"column":null}},"type":"if","locations":[{"start":{"line":122,"column":2},"end":{"line":122,"column":null}},{"start":{},"end":{}}],"line":122},"17":{"loc":{"start":{"line":122,"column":40},"end":{"line":122,"column":60}},"type":"cond-expr","locations":[{"start":{"line":122,"column":52},"end":{"line":122,"column":58}},{"start":{"line":122,"column":58},"end":{"line":122,"column":60}}],"line":122},"18":{"loc":{"start":{"line":123,"column":2},"end":{"line":123,"column":null}},"type":"if","locations":[{"start":{"line":123,"column":2},"end":{"line":123,"column":null}},{"start":{},"end":{}}],"line":123},"19":{"loc":{"start":{"line":123,"column":46},"end":{"line":123,"column":68}},"type":"cond-expr","locations":[{"start":{"line":123,"column":60},"end":{"line":123,"column":66}},{"start":{"line":123,"column":66},"end":{"line":123,"column":68}}],"line":123}},"s":{"0":3,"1":1,"2":2,"3":2,"4":2,"5":1,"6":2,"7":1,"8":1,"9":1,"10":0,"11":1,"12":7,"13":3,"14":3,"15":3,"16":3,"17":3,"18":1,"19":2,"20":2,"21":2,"22":1,"23":1,"24":1,"25":1,"26":0,"27":0,"28":0,"29":0,"30":0,"31":0,"32":0,"33":0,"34":0,"35":0,"36":0,"37":0,"38":0,"39":0,"40":0,"41":0,"42":0,"43":0,"44":0,"45":0,"46":0,"47":0},"f":{"0":3,"1":2,"2":7,"3":3,"4":3,"5":3,"6":2,"7":1,"8":0,"9":0},"b":{"0":[1,2],"1":[1,1],"2":[1,1],"3":[0,1],"4":[1,2],"5":[1,1],"6":[2,2],"7":[1,0],"8":[0,0],"9":[0,0],"10":[0,0],"11":[0,0],"12":[0,0],"13":[0,0],"14":[0,0],"15":[0,0],"16":[0,0],"17":[0,0],"18":[0,0],"19":[0,0]},"meta":{"lastBranch":20,"lastFunction":10,"lastStatement":48,"seen":{"f:6:16:6:32":0,"b:7:2:7:Infinity:undefined:undefined:undefined:undefined":0,"s:7:2:7:Infinity":0,"s:7:16:7:Infinity":1,"s:8:18:8:Infinity":2,"b:9:2:9:Infinity:undefined:undefined:undefined:undefined":1,"s:9:2:9:Infinity":3,"s:9:29:9:Infinity":4,"s:10:2:10:Infinity":5,"f:18:16:18:33":1,"b:19:2:19:Infinity:undefined:undefined:undefined:undefined":2,"s:19:2:19:Infinity":6,"s:19:17:19:Infinity":7,"s:20:18:20:Infinity":8,"b:21:2:21:Infinity:undefined:undefined:undefined:undefined":3,"s:21:2:21:Infinity":9,"s:21:29:21:Infinity":10,"s:22:2:22:Infinity":11,"f:30:16:30:34":2,"s:31:2:31:Infinity":12,"f:39:16:39:29":3,"s:40:16:40:Infinity":13,"s:41:2:41:Infinity":14,"f:49:16:49:31":4,"s:50:18:50:Infinity":15,"s:51:2:51:Infinity":16,"f:59:16:59:32":5,"b:60:2:60:Infinity:undefined:undefined:undefined:undefined":4,"s:60:2:60:Infinity":17,"s:60:17:60:Infinity":18,"s:61:18:61:Infinity":19,"s:62:2:62:Infinity":20,"f:71:16:71:29":6,"b:72:2:72:Infinity:undefined:undefined:undefined:undefined":5,"s:72:2:72:Infinity":21,"b:72:6:72:16:72:16:72:44":6,"s:72:44:72:Infinity":22,"s:73:2:73:Infinity":23,"f:81:16:81:29":7,"s:82:18:82:Infinity":24,"b:82:45:82:62:82:62:82:Infinity":7,"s:83:2:83:Infinity":25,"f:91:16:91:33":8,"s:92:18:92:Infinity":26,"b:92:45:92:62:92:62:92:Infinity":8,"s:93:2:99:Infinity":27,"f:107:16:107:31":9,"s:108:18:108:Infinity":28,"b:108:45:108:62:108:62:108:Infinity":9,"s:109:16:109:Infinity":29,"s:110:20:110:Infinity":30,"s:112:19:112:Infinity":31,"s:113:18:113:Infinity":32,"s:114:16:114:Infinity":33,"s:115:15:115:Infinity":34,"s:116:16:116:Infinity":35,"s:117:15:117:Infinity":36,"b:119:2:119:Infinity:undefined:undefined:undefined:undefined":10,"s:119:2:119:Infinity":37,"s:119:16:119:Infinity":38,"b:119:48:119:54:119:54:119:56":11,"b:120:2:120:Infinity:undefined:undefined:undefined:undefined":12,"s:120:2:120:Infinity":39,"s:120:17:120:Infinity":40,"b:120:51:120:58:120:58:120:60":13,"b:121:2:121:Infinity:undefined:undefined:undefined:undefined":14,"s:121:2:121:Infinity":41,"s:121:16:121:Infinity":42,"b:121:48:121:54:121:54:121:56":15,"b:122:2:122:Infinity:undefined:undefined:undefined:undefined":16,"s:122:2:122:Infinity":43,"s:122:17:122:Infinity":44,"b:122:52:122:58:122:58:122:60":17,"b:123:2:123:Infinity:undefined:undefined:undefined:undefined":18,"s:123:2:123:Infinity":45,"s:123:19:123:Infinity":46,"b:123:60:123:66:123:66:123:68":19,"s:124:2:124:Infinity":47}}}
}
